# JRE version: OpenJDK Runtime Environment Temurin-17.0.13+11 (17.0.13+11) (build 17.0.13+11)
# Java VM: OpenJDK 64-Bit Server VM Temurin-17.0.13+11 (17.0.13+11, mixed mode, tiered, compressed oops, compressed class ptrs, parallel gc, windows-amd64)
GC Precious Log:
 CPUs: 16 total, 16 available
 Memory: 7914M
 Large Page Support: Disabled
 NUMA Support: Disabled
 Compressed Oops: Enabled (32-bit)
 Alignments: Space 512K, Generation 512K, Heap 2M
 Heap Min Capacity: 100M
 Heap Initial Capacity: 100M
 Heap Max Capacity: 1G
 Pre-touch: Disabled
 Parallel Workers: 13
Heap:
 PSYoungGen      total 24576K, used 15890K [0x00000000eab00000, 0x00000000ee780000, 0x0000000100000000)
  eden space 17920K, 54% used [0x00000000eab00000,0x00000000eb47caf0,0x00000000ebc80000)
  from space 6656K, 92% used [0x00000000ee100000,0x00000000ee708018,0x00000000ee780000)
  to   space 17920K, 0% used [0x00000000ec480000,0x00000000ec480000,0x00000000ed600000)
 ParOldGen       total 377856K, used 377582K [0x00000000c0000000, 0x00000000d7100000, 0x00000000eab00000)
  object space 377856K, 99% used [0x00000000c0000000,0x00000000d70bba38,0x00000000d7100000)
 Metaspace       used 70208K, committed 71424K, reserved 1114112K
  class space    used 7358K, committed 7872K, reserved 1048576K
GC Heap History (20 events):
Event: 32.417 GC heap before
{Heap before GC invocations=146 (full 9):
 PSYoungGen      total 54272K, used 53590K [0x00000000eab00000, 0x00000000ef100000, 0x0000000100000000)
  eden space 39936K, 100% used [0x00000000eab00000,0x00000000ed200000,0x00000000ed200000)
  from space 14336K, 95% used [0x00000000ee300000,0x00000000ef055a00,0x00000000ef100000)
  to   space 15872K, 0% used [0x00000000ed200000,0x00000000ed200000,0x00000000ee180000)
 ParOldGen       total 296448K, used 275612K [0x00000000c0000000, 0x00000000d2180000, 0x00000000eab00000)
  object space 296448K, 92% used [0x00000000c0000000,0x00000000d0d27018,0x00000000d2180000)
 Metaspace       used 69356K, committed 70528K, reserved 1114112K
  class space    used 7297K, committed 7808K, reserved 1048576K
}
Event: 32.425 GC heap after
{Heap after GC invocations=146 (full 9):
 PSYoungGen      total 55808K, used 15861K [0x00000000eab00000, 0x00000000f0680000, 0x0000000100000000)
  eden space 39936K, 0% used [0x00000000eab00000,0x00000000eab00000,0x00000000ed200000)
  from space 15872K, 99% used [0x00000000ed200000,0x00000000ee17d570,0x00000000ee180000)
  to   space 25088K, 0% used [0x00000000eee00000,0x00000000eee00000,0x00000000f0680000)
 ParOldGen       total 296448K, used 282894K [0x00000000c0000000, 0x00000000d2180000, 0x00000000eab00000)
  object space 296448K, 95% used [0x00000000c0000000,0x00000000d1443928,0x00000000d2180000)
 Metaspace       used 69356K, committed 70528K, reserved 1114112K
  class space    used 7297K, committed 7808K, reserved 1048576K
}
Event: 32.495 GC heap before
{Heap before GC invocations=147 (full 9):
 PSYoungGen      total 55808K, used 55797K [0x00000000eab00000, 0x00000000f0680000, 0x0000000100000000)
  eden space 39936K, 100% used [0x00000000eab00000,0x00000000ed200000,0x00000000ed200000)
  from space 15872K, 99% used [0x00000000ed200000,0x00000000ee17d570,0x00000000ee180000)
  to   space 25088K, 0% used [0x00000000eee00000,0x00000000eee00000,0x00000000f0680000)
 ParOldGen       total 296448K, used 282894K [0x00000000c0000000, 0x00000000d2180000, 0x00000000eab00000)
  object space 296448K, 95% used [0x00000000c0000000,0x00000000d1443928,0x00000000d2180000)
 Metaspace       used 69356K, committed 70528K, reserved 1114112K
  class space    used 7297K, committed 7808K, reserved 1048576K
}
Event: 32.505 GC heap after
{Heap after GC invocations=147 (full 9):
 PSYoungGen      total 62464K, used 18805K [0x00000000eab00000, 0x00000000f0080000, 0x0000000100000000)
  eden space 43520K, 0% used [0x00000000eab00000,0x00000000eab00000,0x00000000ed580000)
  from space 18944K, 99% used [0x00000000eee00000,0x00000000f005d4f0,0x00000000f0080000)
  to   space 20480K, 0% used [0x00000000ed880000,0x00000000ed880000,0x00000000eec80000)
 ParOldGen       total 296448K, used 291944K [0x00000000c0000000, 0x00000000d2180000, 0x00000000eab00000)
  object space 296448K, 98% used [0x00000000c0000000,0x00000000d1d1a220,0x00000000d2180000)
 Metaspace       used 69356K, committed 70528K, reserved 1114112K
  class space    used 7297K, committed 7808K, reserved 1048576K
}
Event: 32.582 GC heap before
{Heap before GC invocations=148 (full 10):
 PSYoungGen      total 62464K, used 62325K [0x00000000eab00000, 0x00000000f0080000, 0x0000000100000000)
  eden space 43520K, 100% used [0x00000000eab00000,0x00000000ed580000,0x00000000ed580000)
  from space 18944K, 99% used [0x00000000eee00000,0x00000000f005d4f0,0x00000000f0080000)
  to   space 20480K, 0% used [0x00000000ed880000,0x00000000ed880000,0x00000000eec80000)
 ParOldGen       total 296448K, used 291944K [0x00000000c0000000, 0x00000000d2180000, 0x00000000eab00000)
  object space 296448K, 98% used [0x00000000c0000000,0x00000000d1d1a220,0x00000000d2180000)
 Metaspace       used 69356K, committed 70528K, reserved 1114112K
  class space    used 7297K, committed 7808K, reserved 1048576K
}
Event: 32.755 GC heap after
{Heap after GC invocations=148 (full 10):
 PSYoungGen      total 64000K, used 25730K [0x00000000eab00000, 0x00000000f0100000, 0x0000000100000000)
  eden space 43520K, 59% used [0x00000000eab00000,0x00000000ec420a50,0x00000000ed580000)
  from space 20480K, 0% used [0x00000000ed880000,0x00000000ed880000,0x00000000eec80000)
  to   space 18944K, 0% used [0x00000000eee00000,0x00000000eee00000,0x00000000f0080000)
 ParOldGen       total 371200K, used 296328K [0x00000000c0000000, 0x00000000d6a80000, 0x00000000eab00000)
  object space 371200K, 79% used [0x00000000c0000000,0x00000000d2162380,0x00000000d6a80000)
 Metaspace       used 69356K, committed 70528K, reserved 1114112K
  class space    used 7297K, committed 7808K, reserved 1048576K
}
Event: 32.782 GC heap before
{Heap before GC invocations=149 (full 10):
 PSYoungGen      total 64000K, used 43520K [0x00000000eab00000, 0x00000000f0100000, 0x0000000100000000)
  eden space 43520K, 100% used [0x00000000eab00000,0x00000000ed580000,0x00000000ed580000)
  from space 20480K, 0% used [0x00000000ed880000,0x00000000ed880000,0x00000000eec80000)
  to   space 18944K, 0% used [0x00000000eee00000,0x00000000eee00000,0x00000000f0080000)
 ParOldGen       total 371200K, used 296328K [0x00000000c0000000, 0x00000000d6a80000, 0x00000000eab00000)
  object space 371200K, 79% used [0x00000000c0000000,0x00000000d2162380,0x00000000d6a80000)
 Metaspace       used 69356K, committed 70528K, reserved 1114112K
  class space    used 7297K, committed 7808K, reserved 1048576K
}
Event: 32.806 GC heap after
{Heap after GC invocations=149 (full 10):
 PSYoungGen      total 51200K, used 18935K [0x00000000eab00000, 0x00000000f2000000, 0x0000000100000000)
  eden space 32256K, 0% used [0x00000000eab00000,0x00000000eab00000,0x00000000eca80000)
  from space 18944K, 99% used [0x00000000eee00000,0x00000000f007dc30,0x00000000f0080000)
  to   space 36352K, 0% used [0x00000000eca80000,0x00000000eca80000,0x00000000eee00000)
 ParOldGen       total 371200K, used 310818K [0x00000000c0000000, 0x00000000d6a80000, 0x00000000eab00000)
  object space 371200K, 83% used [0x00000000c0000000,0x00000000d2f88b10,0x00000000d6a80000)
 Metaspace       used 69356K, committed 70528K, reserved 1114112K
  class space    used 7297K, committed 7808K, reserved 1048576K
}
Event: 33.096 GC heap before
{Heap before GC invocations=150 (full 10):
 PSYoungGen      total 51200K, used 50656K [0x00000000eab00000, 0x00000000f2000000, 0x0000000100000000)
  eden space 32256K, 98% used [0x00000000eab00000,0x00000000ec9fa540,0x00000000eca80000)
  from space 18944K, 99% used [0x00000000eee00000,0x00000000f007dc30,0x00000000f0080000)
  to   space 36352K, 0% used [0x00000000eca80000,0x00000000eca80000,0x00000000eee00000)
 ParOldGen       total 371200K, used 310818K [0x00000000c0000000, 0x00000000d6a80000, 0x00000000eab00000)
  object space 371200K, 83% used [0x00000000c0000000,0x00000000d2f88b10,0x00000000d6a80000)
 Metaspace       used 69370K, committed 70592K, reserved 1114112K
  class space    used 7297K, committed 7808K, reserved 1048576K
}
Event: 33.107 GC heap after
{Heap after GC invocations=150 (full 10):
 PSYoungGen      total 55808K, used 23486K [0x00000000eab00000, 0x00000000f0200000, 0x0000000100000000)
  eden space 32256K, 0% used [0x00000000eab00000,0x00000000eab00000,0x00000000eca80000)
  from space 23552K, 99% used [0x00000000eca80000,0x00000000ee16fa30,0x00000000ee180000)
  to   space 27136K, 0% used [0x00000000ee780000,0x00000000ee780000,0x00000000f0200000)
 ParOldGen       total 371200K, used 322589K [0x00000000c0000000, 0x00000000d6a80000, 0x00000000eab00000)
  object space 371200K, 86% used [0x00000000c0000000,0x00000000d3b077e8,0x00000000d6a80000)
 Metaspace       used 69370K, committed 70592K, reserved 1114112K
  class space    used 7297K, committed 7808K, reserved 1048576K
}
Event: 33.464 GC heap before
{Heap before GC invocations=151 (full 10):
 PSYoungGen      total 55808K, used 55742K [0x00000000eab00000, 0x00000000f0200000, 0x0000000100000000)
  eden space 32256K, 100% used [0x00000000eab00000,0x00000000eca80000,0x00000000eca80000)
  from space 23552K, 99% used [0x00000000eca80000,0x00000000ee16fa30,0x00000000ee180000)
  to   space 27136K, 0% used [0x00000000ee780000,0x00000000ee780000,0x00000000f0200000)
 ParOldGen       total 371200K, used 322589K [0x00000000c0000000, 0x00000000d6a80000, 0x00000000eab00000)
  object space 371200K, 86% used [0x00000000c0000000,0x00000000d3b077e8,0x00000000d6a80000)
 Metaspace       used 69412K, committed 70592K, reserved 1114112K
  class space    used 7302K, committed 7808K, reserved 1048576K
}
Event: 33.482 GC heap after
{Heap after GC invocations=151 (full 10):
 PSYoungGen      total 40448K, used 27117K [0x00000000eab00000, 0x00000000f2c00000, 0x0000000100000000)
  eden space 13312K, 0% used [0x00000000eab00000,0x00000000eab00000,0x00000000eb800000)
  from space 27136K, 99% used [0x00000000ee780000,0x00000000f01fb500,0x00000000f0200000)
  to   space 48640K, 0% used [0x00000000eb800000,0x00000000eb800000,0x00000000ee780000)
 ParOldGen       total 371200K, used 340201K [0x00000000c0000000, 0x00000000d6a80000, 0x00000000eab00000)
  object space 371200K, 91% used [0x00000000c0000000,0x00000000d4c3a558,0x00000000d6a80000)
 Metaspace       used 69412K, committed 70592K, reserved 1114112K
  class space    used 7302K, committed 7808K, reserved 1048576K
}
Event: 33.653 GC heap before
{Heap before GC invocations=152 (full 10):
 PSYoungGen      total 40448K, used 40429K [0x00000000eab00000, 0x00000000f2c00000, 0x0000000100000000)
  eden space 13312K, 100% used [0x00000000eab00000,0x00000000eb800000,0x00000000eb800000)
  from space 27136K, 99% used [0x00000000ee780000,0x00000000f01fb500,0x00000000f0200000)
  to   space 48640K, 0% used [0x00000000eb800000,0x00000000eb800000,0x00000000ee780000)
 ParOldGen       total 371200K, used 340201K [0x00000000c0000000, 0x00000000d6a80000, 0x00000000eab00000)
  object space 371200K, 91% used [0x00000000c0000000,0x00000000d4c3a558,0x00000000d6a80000)
 Metaspace       used 69433K, committed 70592K, reserved 1114112K
  class space    used 7302K, committed 7808K, reserved 1048576K
}
Event: 33.669 GC heap after
{Heap after GC invocations=152 (full 10):
 PSYoungGen      total 35840K, used 22113K [0x00000000eab00000, 0x00000000ef500000, 0x0000000100000000)
  eden space 13312K, 0% used [0x00000000eab00000,0x00000000eab00000,0x00000000eb800000)
  from space 22528K, 98% used [0x00000000eb800000,0x00000000ecd984d8,0x00000000ece00000)
  to   space 30720K, 0% used [0x00000000ed700000,0x00000000ed700000,0x00000000ef500000)
 ParOldGen       total 371200K, used 350301K [0x00000000c0000000, 0x00000000d6a80000, 0x00000000eab00000)
  object space 371200K, 94% used [0x00000000c0000000,0x00000000d56174e0,0x00000000d6a80000)
 Metaspace       used 69433K, committed 70592K, reserved 1114112K
  class space    used 7302K, committed 7808K, reserved 1048576K
}
Event: 34.116 GC heap before
{Heap before GC invocations=153 (full 10):
 PSYoungGen      total 35840K, used 35425K [0x00000000eab00000, 0x00000000ef500000, 0x0000000100000000)
  eden space 13312K, 100% used [0x00000000eab00000,0x00000000eb800000,0x00000000eb800000)
  from space 22528K, 98% used [0x00000000eb800000,0x00000000ecd984d8,0x00000000ece00000)
  to   space 30720K, 0% used [0x00000000ed700000,0x00000000ed700000,0x00000000ef500000)
 ParOldGen       total 371200K, used 350301K [0x00000000c0000000, 0x00000000d6a80000, 0x00000000eab00000)
  object space 371200K, 94% used [0x00000000c0000000,0x00000000d56174e0,0x00000000d6a80000)
 Metaspace       used 69525K, committed 70656K, reserved 1114112K
  class space    used 7311K, committed 7808K, reserved 1048576K
}
Event: 34.125 GC heap after
{Heap after GC invocations=153 (full 10):
 PSYoungGen      total 41472K, used 26631K [0x00000000eab00000, 0x00000000ef180000, 0x0000000100000000)
  eden space 14336K, 0% used [0x00000000eab00000,0x00000000eab00000,0x00000000eb900000)
  from space 27136K, 98% used [0x00000000ed700000,0x00000000ef101eb8,0x00000000ef180000)
  to   space 28160K, 0% used [0x00000000eba80000,0x00000000eba80000,0x00000000ed600000)
 ParOldGen       total 371200K, used 350309K [0x00000000c0000000, 0x00000000d6a80000, 0x00000000eab00000)
  object space 371200K, 94% used [0x00000000c0000000,0x00000000d56194e0,0x00000000d6a80000)
 Metaspace       used 69525K, committed 70656K, reserved 1114112K
  class space    used 7311K, committed 7808K, reserved 1048576K
}
Event: 34.156 GC heap before
{Heap before GC invocations=154 (full 10):
 PSYoungGen      total 41472K, used 40967K [0x00000000eab00000, 0x00000000ef180000, 0x0000000100000000)
  eden space 14336K, 100% used [0x00000000eab00000,0x00000000eb900000,0x00000000eb900000)
  from space 27136K, 98% used [0x00000000ed700000,0x00000000ef101eb8,0x00000000ef180000)
  to   space 28160K, 0% used [0x00000000eba80000,0x00000000eba80000,0x00000000ed600000)
 ParOldGen       total 371200K, used 350309K [0x00000000c0000000, 0x00000000d6a80000, 0x00000000eab00000)
  object space 371200K, 94% used [0x00000000c0000000,0x00000000d56194e0,0x00000000d6a80000)
 Metaspace       used 69554K, committed 70720K, reserved 1114112K
  class space    used 7312K, committed 7808K, reserved 1048576K
}
Event: 34.184 GC heap after
{Heap after GC invocations=154 (full 10):
 PSYoungGen      total 44032K, used 28133K [0x00000000eab00000, 0x00000000f0700000, 0x0000000100000000)
  eden space 15872K, 0% used [0x00000000eab00000,0x00000000eab00000,0x00000000eba80000)
  from space 28160K, 99% used [0x00000000eba80000,0x00000000ed5f9740,0x00000000ed600000)
  to   space 38912K, 0% used [0x00000000ee100000,0x00000000ee100000,0x00000000f0700000)
 ParOldGen       total 371200K, used 358966K [0x00000000c0000000, 0x00000000d6a80000, 0x00000000eab00000)
  object space 371200K, 96% used [0x00000000c0000000,0x00000000d5e8d870,0x00000000d6a80000)
 Metaspace       used 69554K, committed 70720K, reserved 1114112K
  class space    used 7312K, committed 7808K, reserved 1048576K
}
Event: 46.026 GC heap before
{Heap before GC invocations=155 (full 10):
 PSYoungGen      total 44032K, used 44005K [0x00000000eab00000, 0x00000000f0700000, 0x0000000100000000)
  eden space 15872K, 100% used [0x00000000eab00000,0x00000000eba80000,0x00000000eba80000)
  from space 28160K, 99% used [0x00000000eba80000,0x00000000ed5f9740,0x00000000ed600000)
  to   space 38912K, 0% used [0x00000000ee100000,0x00000000ee100000,0x00000000f0700000)
 ParOldGen       total 371200K, used 358966K [0x00000000c0000000, 0x00000000d6a80000, 0x00000000eab00000)
  object space 371200K, 96% used [0x00000000c0000000,0x00000000d5e8d870,0x00000000d6a80000)
 Metaspace       used 69785K, committed 70912K, reserved 1114112K
  class space    used 7325K, committed 7808K, reserved 1048576K
}
Event: 46.046 GC heap after
{Heap after GC invocations=155 (full 10):
 PSYoungGen      total 24576K, used 6176K [0x00000000eab00000, 0x00000000ee780000, 0x0000000100000000)
  eden space 17920K, 0% used [0x00000000eab00000,0x00000000eab00000,0x00000000ebc80000)
  from space 6656K, 92% used [0x00000000ee100000,0x00000000ee708018,0x00000000ee780000)
  to   space 17920K, 0% used [0x00000000ec480000,0x00000000ec480000,0x00000000ed600000)
 ParOldGen       total 377856K, used 377582K [0x00000000c0000000, 0x00000000d7100000, 0x00000000eab00000)
  object space 377856K, 99% used [0x00000000c0000000,0x00000000d70bba38,0x00000000d7100000)
 Metaspace       used 69785K, committed 70912K, reserved 1114112K
  class space    used 7325K, committed 7808K, reserved 1048576K
}

